Sun Nov 14 17:19:48 2021  pid:21996  'database has been opened successfully'
Sun Nov 14 17:29:05 2021  pid:23105  'database has been opened successfully'
Sun Nov 14 17:33:37 2021  pid:23493  'database has been opened successfully'
Sun Nov 14 17:39:19 2021  pid:23904  'database has been opened successfully'
Sun Nov 14 17:42:38 2021  pid:24136  'database has been opened successfully'
d:14.11.2021 17:57:41  pid:25510  m:'database has been opened successfully'
d:14.11.2021 18:02:39  pid:26227  m:'database has been opened successfully'
d:14.11.2021 18:21:02  pid:28545  m:'database has been opened successfully'
d:14.11.2021 18:26:23  pid:29337  m:'database has been opened successfully'
d:14.11.2021 22:03:35  pid:39688  m:'database has been opened successfully'
d:14.11.2021 22:04:48  pid:39727  m:'database has been opened successfully'
d:14.11.2021 22:05:55  pid:39791  m:'database has been opened successfully'
d:14.11.2021 22:11:33  pid:40134  m:'database has been opened successfully'
d:14.11.2021 22:15:46  pid:40395  m:'database has been opened successfully'
d:14.11.2021 22:16:09  pid:40421  m:'database has been opened successfully'
d:15.11.2021 11:53:16  pid:68293  m:'database has been opened successfully'
d:15.11.2021 11:54:42  pid:69159  m:'database has been opened successfully'
d:15.11.2021 11:54:48  pid:69219  m:'database has been opened successfully'
d:15.11.2021 11:58:44  pid:70662  m:'database has been opened successfully'
d:15.11.2021 16:44:45  pid:3870  m:'database has been opened successfully'
d:15.11.2021 16:46:46  pid:4768  m:'database has been opened successfully'
d:15.11.2021 16:50:40  pid:6163  m:'database has been opened successfully'
d:15.11.2021 16:54:18  pid:7773  m:'database has been opened successfully'
d:15.11.2021 16:56:43  pid:8639  m:'database has been opened successfully'
d:15.11.2021 17:03:24  pid:10816  m:'database has been opened successfully'
d:15.11.2021 17:17:18  pid:14124  m:'database has been opened successfully'
d:15.11.2021 17:17:37  pid:14124  m:'socket is not connected'
d:15.11.2021 17:18:50  pid:14873  m:'database has been opened successfully'
d:15.11.2021 17:41:50  pid:20853  m:'database has been opened successfully'
d:15.11.2021 17:42:29  pid:21141  m:'database has been opened successfully'
d:15.11.2021 17:43:59  pid:21574  m:'database has been opened successfully'
d:15.11.2021 17:43:59  pid:21574  m:'uchat_server started'
d:15.11.2021 17:59:51  pid:24661  m:'database has been opened successfully'
d:15.11.2021 17:59:51  pid:24661  m:'uchat_server started'
d:15.11.2021 18:02:16  pid:25248  m:'database has been opened successfully'
d:15.11.2021 18:02:16  pid:25248  m:'uchat_server started'
d:15.11.2021 18:14:16  pid:27919  m:'database has been opened successfully'
d:15.11.2021 18:14:16  pid:27919  m:'uchat_server started'
d:15.11.2021 18:15:34  pid:28186  m:'database has been opened successfully'
d:15.11.2021 18:15:34  pid:28186  m:'uchat_server started'
d:15.11.2021 18:15:38  pid:28230  m:'database has been opened successfully'
d:15.11.2021 18:16:20  pid:28439  m:'database has been opened successfully'
d:15.11.2021 18:16:20  pid:28439  m:'uchat_server started'
d:15.11.2021 18:23:25  pid:30045  m:'database has been opened successfully'
d:15.11.2021 18:23:25  pid:30045  m:'uchat_server started'
d:15.11.2021 18:28:31  pid:31246  m:'database has been opened successfully'
d:15.11.2021 18:28:31  pid:31246  m:'uchat_server started'
d:15.11.2021 20:14:06  pid:44938  m:'database has been opened successfully'
d:15.11.2021 20:14:06  pid:44938  m:'uchat_server started'
d:15.11.2021 20:18:25  pid:45874  m:'database has been opened successfully'
d:15.11.2021 20:18:25  pid:45874  m:'uchat_server started'
d:15.11.2021 20:19:46  pid:46212  m:'database has been opened successfully'
d:15.11.2021 20:19:46  pid:46212  m:'uchat_server started'
d:15.11.2021 20:23:19  pid:46861  m:'database has been opened successfully'
d:15.11.2021 20:23:19  pid:46861  m:'uchat_server started'
d:15.11.2021 20:23:24  pid:46911  m:'database has been opened successfully'
d:15.11.2021 20:26:30  pid:47559  m:'database has been opened successfully'
d:15.11.2021 20:26:30  pid:47559  m:'uchat_server started'
d:15.11.2021 20:29:32  pid:48423  m:'database has been opened successfully'
d:15.11.2021 20:29:32  pid:48423  m:'uchat_server started'
d:15.11.2021 20:32:28  pid:49688  m:'database has been opened successfully'
d:15.11.2021 20:32:28  pid:49688  m:'uchat_server started'
d:15.11.2021 20:35:47  pid:50954  m:'database has been opened successfully'
d:15.11.2021 20:35:47  pid:50954  m:'uchat_server started'
d:16.11.2021 11:06:45  pid:33846  m:'database has been opened successfully'
d:16.11.2021 11:06:45  pid:33846  m:'uchat_server started'
d:16.11.2021 11:16:41  pid:35324  m:'database has been opened successfully'
d:16.11.2021 11:16:41  pid:35324  m:'uchat_server started'
d:16.11.2021 11:19:51  pid:36095  m:'database has been opened successfully'
d:16.11.2021 11:19:51  pid:36095  m:'uchat_server started'
d:16.11.2021 11:20:59  pid:36442  m:'database has been opened successfully'
d:16.11.2021 11:20:59  pid:36442  m:'uchat_server started'
d:16.11.2021 11:21:39  pid:36771  m:'database has been opened successfully'
d:16.11.2021 11:21:39  pid:36771  m:'uchat_server started'
d:16.11.2021 14:53:12  pid:26926  m:'database has been opened successfully'
d:16.11.2021 14:53:12  pid:26926  m:'uchat_server started'
d:16.11.2021 14:56:34  pid:27858  m:'database has been opened successfully'
d:16.11.2021 14:56:34  pid:27858  m:'uchat_server started'
d:16.11.2021 15:05:17  pid:30044  m:'database has been opened successfully'
d:16.11.2021 15:05:17  pid:30044  m:'uchat_server started'
d:16.11.2021 15:05:42  pid:30231  m:'database has been opened successfully'
d:16.11.2021 15:05:42  pid:30231  m:'uchat_server started'
d:16.11.2021 15:07:45  pid:30666  m:'database has been opened successfully'
d:16.11.2021 15:07:45  pid:30666  m:'creating users table'
d:16.11.2021 15:07:45  pid:30666  m:'creating rooms table'
d:16.11.2021 15:07:45  pid:30666  m:'uchat_server started'
d:16.11.2021 15:08:26  pid:30883  m:'database has been opened successfully'
d:16.11.2021 15:08:26  pid:30883  m:'creating users table'
d:16.11.2021 15:08:26  pid:30883  m:'creating rooms table'
d:16.11.2021 15:08:26  pid:30883  m:'uchat_server started'
